Started GET "/" for ::1 at 2019-07-30 11:45:44 -0400

PG::ConnectionBad - FATAL:  database "Netflicks_development" does not exist
:

Started POST "/__better_errors/27c8f93940b0bcc6/variables" for ::1 at 2019-07-30 11:45:44 -0400
  [1m[35m (708.4ms)[0m  [1m[35mCREATE DATABASE "Netflicks_development" ENCODING = 'unicode'[0m
  ↳ bin/rails:9
  [1m[35m (448.3ms)[0m  [1m[35mCREATE DATABASE "Netflicks_test" ENCODING = 'unicode'[0m
  ↳ bin/rails:9
Started GET "/" for ::1 at 2019-07-30 11:47:07 -0400
Processing by StaticPagesController#root as HTML
  Rendering static_pages/root.html.erb within layouts/application
  Rendered static_pages/root.html.erb within layouts/application (3.2ms)
Completed 200 OK in 2178ms (Views: 2177.3ms | ActiveRecord: 0.0ms)


  [1m[35m (84.6ms)[0m  [1m[35mCREATE TABLE "schema_migrations" ("version" character varying NOT NULL PRIMARY KEY)[0m
  ↳ bin/rails:9
  [1m[35m (43.2ms)[0m  [1m[35mCREATE TABLE "ar_internal_metadata" ("key" character varying NOT NULL PRIMARY KEY, "value" character varying, "created_at" timestamp NOT NULL, "updated_at" timestamp NOT NULL)[0m
  ↳ bin/rails:9
  [1m[35m (4.3ms)[0m  [1m[34mSELECT pg_try_advisory_lock(3663167638017105120)[0m
  ↳ bin/rails:9
  [1m[35m (3.6ms)[0m  [1m[34mSELECT "schema_migrations"."version" FROM "schema_migrations" ORDER BY "schema_migrations"."version" ASC[0m
  ↳ bin/rails:9
Migrating to CreateUsers (20190730155812)
  [1m[35m (42.0ms)[0m  [1m[35mBEGIN[0m
  ↳ bin/rails:9
  [1m[35m (57.6ms)[0m  [1m[35mCREATE TABLE "users" ("id" bigserial primary key, "email" character varying NOT NULL, "password_digest" character varying NOT NULL, "session_token" character varying NOT NULL, "created_at" timestamp NOT NULL, "updated_at" timestamp NOT NULL)[0m
  ↳ db/migrate/20190730155812_create_users.rb:3
  [1m[35m (5.5ms)[0m  [1m[35mCREATE UNIQUE INDEX  "index_users_on_email" ON "users"  ("email")[0m
  ↳ db/migrate/20190730155812_create_users.rb:11
  [1m[35m (4.2ms)[0m  [1m[35mCREATE UNIQUE INDEX  "index_users_on_session_token" ON "users"  ("session_token")[0m
  ↳ db/migrate/20190730155812_create_users.rb:12
  [1m[36mActiveRecord::SchemaMigration Create (5.9ms)[0m  [1m[32mINSERT INTO "schema_migrations" ("version") VALUES ($1) RETURNING "version"[0m  [["version", "20190730155812"]]
  ↳ bin/rails:9
  [1m[35m (1.9ms)[0m  [1m[35mCOMMIT[0m
  ↳ bin/rails:9
Migrating to CreateVideos (20190730160215)
  [1m[35m (0.3ms)[0m  [1m[35mBEGIN[0m
  ↳ bin/rails:9
  [1m[35m (64.0ms)[0m  [1m[35mCREATE TABLE "videos" ("id" bigserial primary key, "title" character varying NOT NULL, "description" character varying NOT NULL, "maturity_rating" character varying NOT NULL, "year" integer NOT NULL, "created_at" timestamp NOT NULL, "updated_at" timestamp NOT NULL)[0m
  ↳ db/migrate/20190730160215_create_videos.rb:3
  [1m[35m (5.2ms)[0m  [1m[35mCREATE  INDEX  "index_videos_on_title" ON "videos"  ("title")[0m
  ↳ db/migrate/20190730160215_create_videos.rb:12
  [1m[36mActiveRecord::SchemaMigration Create (1.3ms)[0m  [1m[32mINSERT INTO "schema_migrations" ("version") VALUES ($1) RETURNING "version"[0m  [["version", "20190730160215"]]
  ↳ bin/rails:9
  [1m[35m (1.7ms)[0m  [1m[35mCOMMIT[0m
  ↳ bin/rails:9
  [1m[36mActiveRecord::InternalMetadata Load (0.9ms)[0m  [1m[34mSELECT  "ar_internal_metadata".* FROM "ar_internal_metadata" WHERE "ar_internal_metadata"."key" = $1 LIMIT $2[0m  [["key", "environment"], ["LIMIT", 1]]
  ↳ bin/rails:9
  [1m[35m (0.3ms)[0m  [1m[35mBEGIN[0m
  ↳ bin/rails:9
  [1m[36mActiveRecord::InternalMetadata Create (3.8ms)[0m  [1m[32mINSERT INTO "ar_internal_metadata" ("key", "value", "created_at", "updated_at") VALUES ($1, $2, $3, $4) RETURNING "key"[0m  [["key", "environment"], ["value", "development"], ["created_at", "2019-07-30 16:04:31.119770"], ["updated_at", "2019-07-30 16:04:31.119770"]]
  ↳ bin/rails:9
  [1m[35m (1.6ms)[0m  [1m[35mCOMMIT[0m
  ↳ bin/rails:9
  [1m[35m (0.5ms)[0m  [1m[34mSELECT pg_advisory_unlock(3663167638017105120)[0m
  ↳ bin/rails:9
  [1m[35m (2.2ms)[0m  [1m[34mSELECT "schema_migrations"."version" FROM "schema_migrations" ORDER BY "schema_migrations"."version" ASC[0m
  ↳ bin/rails:9
  [1m[35m (0.6ms)[0m  [1m[34mSELECT pg_try_advisory_lock(3663167638017105120)[0m
  ↳ bin/rails:9
  [1m[35m (1.9ms)[0m  [1m[34mSELECT "schema_migrations"."version" FROM "schema_migrations" ORDER BY "schema_migrations"."version" ASC[0m
  ↳ bin/rails:9
Migrating to CreateProfiles (20190730160500)
  [1m[35m (0.3ms)[0m  [1m[35mBEGIN[0m
  ↳ bin/rails:9
  [1m[35m (59.5ms)[0m  [1m[35mCREATE TABLE "profiles" ("id" bigserial primary key, "name" character varying NOT NULL, "user_id" integer NOT NULL, "created_at" timestamp NOT NULL, "updated_at" timestamp NOT NULL)[0m
  ↳ db/migrate/20190730160500_create_profiles.rb:3
  [1m[35m (2.3ms)[0m  [1m[35mCREATE  INDEX  "index_profiles_on_user_id" ON "profiles"  ("user_id")[0m
  ↳ db/migrate/20190730160500_create_profiles.rb:10
  [1m[36mActiveRecord::SchemaMigration Create (2.4ms)[0m  [1m[32mINSERT INTO "schema_migrations" ("version") VALUES ($1) RETURNING "version"[0m  [["version", "20190730160500"]]
  ↳ bin/rails:9
  [1m[35m (2.0ms)[0m  [1m[35mCOMMIT[0m
  ↳ bin/rails:9
Migrating to CreateGenres (20190730160730)
  [1m[35m (39.7ms)[0m  [1m[35mBEGIN[0m
  ↳ bin/rails:9
  [1m[35m (14.1ms)[0m  [1m[35mCREATE TABLE "genres" ("id" bigserial primary key, "genre" character varying NOT NULL, "created_at" timestamp NOT NULL, "updated_at" timestamp NOT NULL)[0m
  ↳ db/migrate/20190730160730_create_genres.rb:3
  [1m[35m (1.9ms)[0m  [1m[35mCREATE UNIQUE INDEX  "index_genres_on_genre" ON "genres"  ("genre")[0m
  ↳ db/migrate/20190730160730_create_genres.rb:9
  [1m[36mActiveRecord::SchemaMigration Create (0.5ms)[0m  [1m[32mINSERT INTO "schema_migrations" ("version") VALUES ($1) RETURNING "version"[0m  [["version", "20190730160730"]]
  ↳ bin/rails:9
  [1m[35m (1.5ms)[0m  [1m[35mCOMMIT[0m
  ↳ bin/rails:9
Migrating to CreateVideoGenre (20190730160921)
  [1m[35m (39.5ms)[0m  [1m[35mBEGIN[0m
  ↳ bin/rails:9
  [1m[35m (8.5ms)[0m  [1m[35mCREATE TABLE "video_genres" ("id" bigserial primary key, "video_id" integer NOT NULL, "genre_id" integer NOT NULL, "created_at" timestamp NOT NULL, "updated_at" timestamp NOT NULL)[0m
  ↳ db/migrate/20190730160921_create_video_genre.rb:3
  [1m[35m (2.4ms)[0m  [1m[35mCREATE  INDEX  "index_video_genres_on_video_id" ON "video_genres"  ("video_id")[0m
  ↳ db/migrate/20190730160921_create_video_genre.rb:11
  [1m[35m (2.2ms)[0m  [1m[35mCREATE  INDEX  "index_video_genres_on_genre_id" ON "video_genres"  ("genre_id")[0m
  ↳ db/migrate/20190730160921_create_video_genre.rb:12
  [1m[36mActiveRecord::SchemaMigration Create (0.4ms)[0m  [1m[32mINSERT INTO "schema_migrations" ("version") VALUES ($1) RETURNING "version"[0m  [["version", "20190730160921"]]
  ↳ bin/rails:9
  [1m[35m (2.3ms)[0m  [1m[35mCOMMIT[0m
  ↳ bin/rails:9
Migrating to CreateWatchList (20190730161244)
  [1m[35m (40.9ms)[0m  [1m[35mBEGIN[0m
  ↳ bin/rails:9
  [1m[35m (5.9ms)[0m  [1m[35mCREATE TABLE "watch_lists" ("id" bigserial primary key, "profile_id" integer NOT NULL, "video_id" integer NOT NULL, "created_at" timestamp NOT NULL, "updated_at" timestamp NOT NULL)[0m
  ↳ db/migrate/20190730161244_create_watch_list.rb:3
  [1m[35m (2.7ms)[0m  [1m[35mCREATE  INDEX  "index_watch_lists_on_profile_id" ON "watch_lists"  ("profile_id")[0m
  ↳ db/migrate/20190730161244_create_watch_list.rb:10
  [1m[35m (2.6ms)[0m  [1m[35mCREATE  INDEX  "index_watch_lists_on_video_id" ON "watch_lists"  ("video_id")[0m
  ↳ db/migrate/20190730161244_create_watch_list.rb:11
  [1m[35m (3.1ms)[0m  [1m[35mCREATE UNIQUE INDEX  "index_watch_lists_on_profile_id_and_video_id" ON "watch_lists"  ("profile_id", "video_id")[0m
  ↳ db/migrate/20190730161244_create_watch_list.rb:12
  [1m[36mActiveRecord::SchemaMigration Create (0.5ms)[0m  [1m[32mINSERT INTO "schema_migrations" ("version") VALUES ($1) RETURNING "version"[0m  [["version", "20190730161244"]]
  ↳ bin/rails:9
  [1m[35m (1.2ms)[0m  [1m[35mCOMMIT[0m
  ↳ bin/rails:9
Migrating to CreateComments (20190730161506)
  [1m[35m (39.9ms)[0m  [1m[35mBEGIN[0m
  ↳ bin/rails:9
  [1m[35m (8.4ms)[0m  [1m[35mCREATE TABLE "comments" ("id" bigserial primary key, "body" character varying NOT NULL, "profile_id" integer NOT NULL, "video_id" integer NOT NULL, "created_at" timestamp NOT NULL, "updated_at" timestamp NOT NULL)[0m
  ↳ db/migrate/20190730161506_create_comments.rb:3
  [1m[35m (2.4ms)[0m  [1m[35mCREATE  INDEX  "index_comments_on_profile_id" ON "comments"  ("profile_id")[0m
  ↳ db/migrate/20190730161506_create_comments.rb:11
  [1m[35m (3.0ms)[0m  [1m[35mCREATE  INDEX  "index_comments_on_video_id" ON "comments"  ("video_id")[0m
  ↳ db/migrate/20190730161506_create_comments.rb:12
  [1m[36mActiveRecord::SchemaMigration Create (0.5ms)[0m  [1m[32mINSERT INTO "schema_migrations" ("version") VALUES ($1) RETURNING "version"[0m  [["version", "20190730161506"]]
  ↳ bin/rails:9
  [1m[35m (1.4ms)[0m  [1m[35mCOMMIT[0m
  ↳ bin/rails:9
  [1m[36mActiveRecord::InternalMetadata Load (42.2ms)[0m  [1m[34mSELECT  "ar_internal_metadata".* FROM "ar_internal_metadata" WHERE "ar_internal_metadata"."key" = $1 LIMIT $2[0m  [["key", "environment"], ["LIMIT", 1]]
  ↳ bin/rails:9
  [1m[35m (0.3ms)[0m  [1m[35mBEGIN[0m
  ↳ bin/rails:9
  [1m[35m (0.1ms)[0m  [1m[35mCOMMIT[0m
  ↳ bin/rails:9
  [1m[35m (0.2ms)[0m  [1m[34mSELECT pg_advisory_unlock(3663167638017105120)[0m
  ↳ bin/rails:9
  [1m[35m (0.3ms)[0m  [1m[34mSELECT "schema_migrations"."version" FROM "schema_migrations" ORDER BY "schema_migrations"."version" ASC[0m
  ↳ bin/rails:9
Started POST "/api/users" for ::1 at 2019-07-30 14:56:04 -0400
  [1m[35m (3.1ms)[0m  [1m[34mSELECT "schema_migrations"."version" FROM "schema_migrations" ORDER BY "schema_migrations"."version" ASC[0m
  ↳ /Users/chungsmac/.rbenv/versions/2.6.2/lib/ruby/gems/2.6.0/gems/activerecord-5.2.3/lib/active_record/log_subscriber.rb:98

SyntaxError - syntax error, unexpected ':', expecting end
  helper_method: :current_user, :logged_in?
               ^:
  app/controllers/application_controller.rb:2:in `'
  app/controllers/api/users_controller.rb:1:in `<main>'

Started POST "/api/users" for ::1 at 2019-07-30 14:58:38 -0400

SyntaxError - syntax error, unexpected ':', expecting end
  helper_method: :current_user, :logged_in?
               ^:
  app/controllers/application_controller.rb:2:in `'
  app/controllers/api/users_controller.rb:1:in `<main>'

Started GET "/" for ::1 at 2019-07-30 14:58:40 -0400

SyntaxError - syntax error, unexpected ':', expecting end
  helper_method: :current_user, :logged_in?
               ^:
  app/controllers/application_controller.rb:2:in `'
  app/controllers/static_pages_controller.rb:1:in `<main>'

Started POST "/__better_errors/b2b252e33c14feb1/variables" for ::1 at 2019-07-30 14:58:40 -0400
Started GET "/" for ::1 at 2019-07-30 14:59:01 -0400
Processing by StaticPagesController#root as HTML
  Rendering static_pages/root.html.erb within layouts/application
  Rendered static_pages/root.html.erb within layouts/application (0.4ms)
Completed 200 OK in 37ms (Views: 34.4ms | ActiveRecord: 0.0ms)


Started POST "/api/users" for ::1 at 2019-07-30 14:59:08 -0400
Processing by Api::UsersController#create as JSON
  Parameters: {"email"=>"asd@aol.com", "password"=>"[FILTERED]"}
Completed 400 Bad Request in 8ms (ActiveRecord: 0.0ms)



ActionController::ParameterMissing - param is missing or the value is empty: user:
  app/controllers/api/users_controller.rb:15:in `user_params'
  app/controllers/api/users_controller.rb:3:in `create'

Started POST "/api/users" for ::1 at 2019-07-30 15:00:15 -0400
Processing by Api::UsersController#create as JSON
  Parameters: {"email"=>"asd@aol.com", "password"=>"[FILTERED]"}
Completed 400 Bad Request in 1ms (ActiveRecord: 0.0ms)



ActionController::ParameterMissing - param is missing or the value is empty: user:
  app/controllers/api/users_controller.rb:15:in `user_params'
  app/controllers/api/users_controller.rb:3:in `create'

Started GET "/" for ::1 at 2019-07-30 15:02:28 -0400
Processing by StaticPagesController#root as */*
  Rendering static_pages/root.html.erb within layouts/application
  Rendered static_pages/root.html.erb within layouts/application (0.3ms)
Completed 200 OK in 52ms (Views: 42.9ms | ActiveRecord: 0.0ms)


Started GET "/" for ::1 at 2019-07-30 15:08:16 -0400
Processing by StaticPagesController#root as */*
  Rendering static_pages/root.html.erb within layouts/application
  Rendered static_pages/root.html.erb within layouts/application (0.7ms)
Completed 200 OK in 22ms (Views: 17.4ms | ActiveRecord: 0.0ms)


Started GET "/" for ::1 at 2019-07-30 15:08:19 -0400
Processing by StaticPagesController#root as */*
  Rendering static_pages/root.html.erb within layouts/application
  Rendered static_pages/root.html.erb within layouts/application (0.3ms)
Completed 200 OK in 23ms (Views: 19.3ms | ActiveRecord: 0.0ms)


Started GET "/" for ::1 at 2019-07-30 15:08:29 -0400
Processing by StaticPagesController#root as */*
  Rendering static_pages/root.html.erb within layouts/application
  Rendered static_pages/root.html.erb within layouts/application (0.3ms)
Completed 200 OK in 24ms (Views: 20.0ms | ActiveRecord: 0.0ms)


Started GET "/" for ::1 at 2019-07-30 15:08:30 -0400
Processing by StaticPagesController#root as */*
  Rendering static_pages/root.html.erb within layouts/application
  Rendered static_pages/root.html.erb within layouts/application (0.3ms)
Completed 200 OK in 21ms (Views: 17.9ms | ActiveRecord: 0.0ms)


Started GET "/" for ::1 at 2019-07-30 15:08:32 -0400
Processing by StaticPagesController#root as */*
  Rendering static_pages/root.html.erb within layouts/application
  Rendered static_pages/root.html.erb within layouts/application (0.4ms)
Completed 200 OK in 21ms (Views: 17.8ms | ActiveRecord: 0.0ms)


Started GET "/" for ::1 at 2019-07-30 15:10:30 -0400
Processing by StaticPagesController#root as */*
  Rendering static_pages/root.html.erb within layouts/application
  Rendered static_pages/root.html.erb within layouts/application (0.3ms)
Completed 200 OK in 18ms (Views: 14.9ms | ActiveRecord: 0.0ms)


Started GET "/" for ::1 at 2019-07-30 15:10:31 -0400
Processing by StaticPagesController#root as */*
  Rendering static_pages/root.html.erb within layouts/application
  Rendered static_pages/root.html.erb within layouts/application (0.3ms)
Completed 200 OK in 22ms (Views: 18.1ms | ActiveRecord: 0.0ms)


Started GET "/" for ::1 at 2019-07-30 15:13:48 -0400
Processing by StaticPagesController#root as */*
  Rendering static_pages/root.html.erb within layouts/application
  Rendered static_pages/root.html.erb within layouts/application (0.3ms)
Completed 200 OK in 24ms (Views: 20.2ms | ActiveRecord: 0.0ms)


Started GET "/" for ::1 at 2019-07-30 15:13:49 -0400
Processing by StaticPagesController#root as */*
  Rendering static_pages/root.html.erb within layouts/application
  Rendered static_pages/root.html.erb within layouts/application (0.3ms)
Completed 200 OK in 21ms (Views: 18.0ms | ActiveRecord: 0.0ms)


Started GET "/" for ::1 at 2019-07-30 15:13:50 -0400
Processing by StaticPagesController#root as */*
  Rendering static_pages/root.html.erb within layouts/application
  Rendered static_pages/root.html.erb within layouts/application (0.4ms)
Completed 200 OK in 43ms (Views: 40.0ms | ActiveRecord: 0.0ms)


Started GET "/" for ::1 at 2019-07-30 15:13:50 -0400
Processing by StaticPagesController#root as */*
  Rendering static_pages/root.html.erb within layouts/application
  Rendered static_pages/root.html.erb within layouts/application (0.3ms)
Completed 200 OK in 25ms (Views: 20.3ms | ActiveRecord: 0.0ms)


Started GET "/" for ::1 at 2019-07-30 15:13:51 -0400
Processing by StaticPagesController#root as */*
  Rendering static_pages/root.html.erb within layouts/application
  Rendered static_pages/root.html.erb within layouts/application (0.3ms)
Completed 200 OK in 22ms (Views: 17.6ms | ActiveRecord: 0.0ms)


Started GET "/" for ::1 at 2019-07-30 15:13:51 -0400
Processing by StaticPagesController#root as */*
  Rendering static_pages/root.html.erb within layouts/application
  Rendered static_pages/root.html.erb within layouts/application (0.3ms)
Completed 200 OK in 23ms (Views: 19.2ms | ActiveRecord: 0.0ms)


Started GET "/" for ::1 at 2019-07-30 15:13:52 -0400
Processing by StaticPagesController#root as */*
  Rendering static_pages/root.html.erb within layouts/application
  Rendered static_pages/root.html.erb within layouts/application (0.3ms)
Completed 200 OK in 23ms (Views: 17.9ms | ActiveRecord: 0.0ms)


Started GET "/" for ::1 at 2019-07-30 15:13:53 -0400
Processing by StaticPagesController#root as */*
  Rendering static_pages/root.html.erb within layouts/application
  Rendered static_pages/root.html.erb within layouts/application (0.4ms)
Completed 200 OK in 34ms (Views: 28.7ms | ActiveRecord: 0.0ms)


Started GET "/" for ::1 at 2019-07-30 15:13:53 -0400
Processing by StaticPagesController#root as */*
  Rendering static_pages/root.html.erb within layouts/application
  Rendered static_pages/root.html.erb within layouts/application (0.3ms)
Completed 200 OK in 22ms (Views: 18.9ms | ActiveRecord: 0.0ms)


Started GET "/" for ::1 at 2019-07-30 15:13:54 -0400
Processing by StaticPagesController#root as */*
  Rendering static_pages/root.html.erb within layouts/application
  Rendered static_pages/root.html.erb within layouts/application (0.6ms)
Completed 200 OK in 26ms (Views: 22.3ms | ActiveRecord: 0.0ms)


Started GET "/" for ::1 at 2019-07-30 15:13:55 -0400
Processing by StaticPagesController#root as */*
  Rendering static_pages/root.html.erb within layouts/application
  Rendered static_pages/root.html.erb within layouts/application (0.4ms)
Completed 200 OK in 26ms (Views: 21.6ms | ActiveRecord: 0.0ms)


Started GET "/" for ::1 at 2019-07-30 15:13:55 -0400
Processing by StaticPagesController#root as */*
  Rendering static_pages/root.html.erb within layouts/application
  Rendered static_pages/root.html.erb within layouts/application (0.3ms)
Completed 200 OK in 23ms (Views: 17.6ms | ActiveRecord: 0.0ms)


Started GET "/" for ::1 at 2019-07-30 15:16:58 -0400
Processing by StaticPagesController#root as HTML
  Rendering static_pages/root.html.erb within layouts/application
  Rendered static_pages/root.html.erb within layouts/application (0.4ms)
Completed 200 OK in 19ms (Views: 18.7ms | ActiveRecord: 0.0ms)


Started GET "/" for ::1 at 2019-07-30 15:17:10 -0400
Processing by StaticPagesController#root as */*
  Rendering static_pages/root.html.erb within layouts/application
  Rendered static_pages/root.html.erb within layouts/application (0.3ms)
Completed 200 OK in 18ms (Views: 14.6ms | ActiveRecord: 0.0ms)


Started GET "/" for ::1 at 2019-07-30 15:17:20 -0400
Processing by StaticPagesController#root as */*
  Rendering static_pages/root.html.erb within layouts/application
  Rendered static_pages/root.html.erb within layouts/application (0.4ms)
Completed 200 OK in 21ms (Views: 17.6ms | ActiveRecord: 0.0ms)


Started GET "/" for ::1 at 2019-07-30 15:18:14 -0400
Processing by StaticPagesController#root as HTML
  Rendering static_pages/root.html.erb within layouts/application
  Rendered static_pages/root.html.erb within layouts/application (0.4ms)
Completed 200 OK in 19ms (Views: 18.7ms | ActiveRecord: 0.0ms)


Started GET "/" for ::1 at 2019-07-30 15:18:19 -0400
Processing by StaticPagesController#root as */*
  Rendering static_pages/root.html.erb within layouts/application
  Rendered static_pages/root.html.erb within layouts/application (0.3ms)
Completed 200 OK in 19ms (Views: 16.4ms | ActiveRecord: 0.0ms)


Started GET "/" for ::1 at 2019-07-30 15:20:03 -0400
Processing by StaticPagesController#root as HTML
  Rendering static_pages/root.html.erb within layouts/application
  Rendered static_pages/root.html.erb within layouts/application (0.5ms)
Completed 200 OK in 20ms (Views: 18.7ms | ActiveRecord: 0.0ms)


Started POST "/api/users" for ::1 at 2019-07-30 15:20:49 -0400
Processing by Api::UsersController#create as JSON
  Parameters: {"user"=>{"email"=>"asd@aol.com", "password"=>"[FILTERED]"}}
  [1m[35m (0.2ms)[0m  [1m[35mBEGIN[0m
  ↳ app/controllers/api/users_controller.rb:5
  [1m[36mUser Exists (47.3ms)[0m  [1m[34mSELECT  1 AS one FROM "users" WHERE "users"."email" = $1 LIMIT $2[0m  [["email", "asd@aol.com"], ["LIMIT", 1]]
  ↳ app/controllers/api/users_controller.rb:5
  [1m[36mUser Create (2.3ms)[0m  [1m[32mINSERT INTO "users" ("email", "password_digest", "session_token", "created_at", "updated_at") VALUES ($1, $2, $3, $4, $5) RETURNING "id"[0m  [["email", "asd@aol.com"], ["password_digest", "$2a$12$JtexfbT4OxflIhzQS8gqhOaPH0ISzwvDmTNMULzgikeodDJO4tbRe"], ["session_token", "MpWBbM6b-gYONI6mE-sz_w"], ["created_at", "2019-07-30 19:20:50.363538"], ["updated_at", "2019-07-30 19:20:50.363538"]]
  ↳ app/controllers/api/users_controller.rb:5
  [1m[35m (2.7ms)[0m  [1m[35mCOMMIT[0m
  ↳ app/controllers/api/users_controller.rb:5
  [1m[35m (0.2ms)[0m  [1m[35mBEGIN[0m
  ↳ app/models/user.rb:28
  [1m[36mUser Exists (0.8ms)[0m  [1m[34mSELECT  1 AS one FROM "users" WHERE "users"."email" = $1 AND "users"."id" != $2 LIMIT $3[0m  [["email", "asd@aol.com"], ["id", 1], ["LIMIT", 1]]
  ↳ app/models/user.rb:28
  [1m[36mUser Update (3.1ms)[0m  [1m[33mUPDATE "users" SET "session_token" = $1, "updated_at" = $2 WHERE "users"."id" = $3[0m  [["session_token", "-wOq4M2AbYwdr5isdMytzw"], ["updated_at", "2019-07-30 19:20:50.374100"], ["id", 1]]
  ↳ app/models/user.rb:28
  [1m[35m (1.3ms)[0m  [1m[35mCOMMIT[0m
  ↳ app/models/user.rb:28
  Rendering api/users/show.json.jbuilder
  Rendered api/users/_user.json.jbuilder (0.4ms)
  Rendered api/users/show.json.jbuilder (1.6ms)
Completed 200 OK in 411ms (Views: 5.7ms | ActiveRecord: 115.8ms)


Started POST "/api/users" for ::1 at 2019-07-30 15:21:13 -0400
Processing by Api::UsersController#create as JSON
  Parameters: {"user"=>{"email"=>"asd@aol.com", "password"=>"[FILTERED]"}}
  [1m[35m (0.2ms)[0m  [1m[35mBEGIN[0m
  ↳ app/controllers/api/users_controller.rb:5
  [1m[36mUser Exists (1.5ms)[0m  [1m[34mSELECT  1 AS one FROM "users" WHERE "users"."email" = $1 LIMIT $2[0m  [["email", "asd@aol.com"], ["LIMIT", 1]]
  ↳ app/controllers/api/users_controller.rb:5
  [1m[35m (0.2ms)[0m  [1m[31mROLLBACK[0m
  ↳ app/controllers/api/users_controller.rb:5
Completed 422 Unprocessable Entity in 290ms (Views: 0.1ms | ActiveRecord: 2.0ms)


Started DELETE "/api/session" for ::1 at 2019-07-30 15:21:26 -0400
Processing by Api::SessionsController#destroy as JSON
  Parameters: {"user"=>{"email"=>"asd@aol.com", "password"=>"[FILTERED]"}}
  [1m[36mUser Load (0.4ms)[0m  [1m[34mSELECT  "users".* FROM "users" WHERE "users"."session_token" = $1 LIMIT $2[0m  [["session_token", "-wOq4M2AbYwdr5isdMytzw"], ["LIMIT", 1]]
  ↳ app/controllers/application_controller.rb:7
  [1m[35m (0.2ms)[0m  [1m[35mBEGIN[0m
  ↳ app/models/user.rb:28
  [1m[36mUser Exists (0.4ms)[0m  [1m[34mSELECT  1 AS one FROM "users" WHERE "users"."email" = $1 AND "users"."id" != $2 LIMIT $3[0m  [["email", "asd@aol.com"], ["id", 1], ["LIMIT", 1]]
  ↳ app/models/user.rb:28
  [1m[36mUser Update (0.5ms)[0m  [1m[33mUPDATE "users" SET "session_token" = $1, "updated_at" = $2 WHERE "users"."id" = $3[0m  [["session_token", "5XuO725wHaooxIOcHnItSg"], ["updated_at", "2019-07-30 19:21:26.049276"], ["id", 1]]
  ↳ app/models/user.rb:28
  [1m[35m (40.3ms)[0m  [1m[35mCOMMIT[0m
  ↳ app/models/user.rb:28
No template found for Api::SessionsController#destroy, rendering head :no_content
Completed 204 No Content in 58ms (ActiveRecord: 42.2ms)


Started DELETE "/api/session" for ::1 at 2019-07-30 15:21:50 -0400
Processing by Api::SessionsController#destroy as JSON
  Parameters: {"user"=>{"email"=>"asd@aol.com", "password"=>"[FILTERED]"}}
  [1m[36mUser Load (0.6ms)[0m  [1m[34mSELECT  "users".* FROM "users" WHERE "users"."session_token" IS NULL LIMIT $1[0m  [["LIMIT", 1]]
  ↳ app/controllers/application_controller.rb:7
Completed 404 Not Found in 7ms (Views: 0.3ms | ActiveRecord: 0.6ms)


Started GET "/" for ::1 at 2019-07-30 15:33:35 -0400
Processing by StaticPagesController#root as HTML
  Rendering static_pages/root.html.erb within layouts/application
  Rendered static_pages/root.html.erb within layouts/application (0.4ms)
Completed 200 OK in 591ms (Views: 588.3ms | ActiveRecord: 0.0ms)


Started POST "/api/session" for ::1 at 2019-07-30 15:33:47 -0400

SyntaxError - syntax error, unexpected ':', expecting '}'
      render {json: ["Not logged in"], status: 4...
                  ^
/Users/chungsmac/Desktop/Netflicks/app/controllers/api/sessions_controller.rb:20: syntax error, unexpected ',', expecting end
...ender {json: ["Not logged in"], status: 404}
...                              ^:
  app/controllers/api/sessions_controller.rb:20:in `'

Started POST "/api/session" for ::1 at 2019-07-30 15:33:55 -0400

SyntaxError - syntax error, unexpected ':', expecting '}'
      render {json: ["Not logged in"], status: 4...
                  ^
/Users/chungsmac/Desktop/Netflicks/app/controllers/api/sessions_controller.rb:20: syntax error, unexpected ',', expecting end
...ender {json: ["Not logged in"], status: 404}
...                              ^:
  app/controllers/api/sessions_controller.rb:20:in `'

Started GET "/" for ::1 at 2019-07-30 15:34:31 -0400
Processing by StaticPagesController#root as HTML
  Rendering static_pages/root.html.erb within layouts/application
  Rendered static_pages/root.html.erb within layouts/application (0.3ms)
Completed 200 OK in 20ms (Views: 17.9ms | ActiveRecord: 0.0ms)


Started POST "/api/session" for ::1 at 2019-07-30 15:34:34 -0400
Processing by Api::SessionsController#create as JSON
  Parameters: {"user"=>{"email"=>"asd@aol.com", "password"=>"[FILTERED]"}}
  [1m[36mUser Load (0.7ms)[0m  [1m[34mSELECT  "users".* FROM "users" WHERE "users"."email" = $1 LIMIT $2[0m  [["email", "asd@aol.com"], ["LIMIT", 1]]
  ↳ app/models/user.rb:12
  [1m[35m (0.2ms)[0m  [1m[35mBEGIN[0m
  ↳ app/models/user.rb:28
  [1m[36mUser Exists (0.6ms)[0m  [1m[34mSELECT  1 AS one FROM "users" WHERE "users"."email" = $1 AND "users"."id" != $2 LIMIT $3[0m  [["email", "asd@aol.com"], ["id", 1], ["LIMIT", 1]]
  ↳ app/models/user.rb:28
  [1m[36mUser Update (0.7ms)[0m  [1m[33mUPDATE "users" SET "session_token" = $1, "updated_at" = $2 WHERE "users"."id" = $3[0m  [["session_token", "xAu0dN7hstwl4Gch9dB4iQ"], ["updated_at", "2019-07-30 19:34:34.459175"], ["id", 1]]
  ↳ app/models/user.rb:28
  [1m[35m (1.4ms)[0m  [1m[35mCOMMIT[0m
  ↳ app/models/user.rb:28
No template found for Api::SessionsController#create, rendering head :no_content
Completed 204 No Content in 298ms (ActiveRecord: 13.3ms)


Started POST "/api/session" for ::1 at 2019-07-30 15:34:38 -0400
Processing by Api::SessionsController#create as JSON
  Parameters: {"user"=>{"email"=>"asd@aol.com", "password"=>"[FILTERED]"}}
  [1m[36mUser Load (0.5ms)[0m  [1m[34mSELECT  "users".* FROM "users" WHERE "users"."email" = $1 LIMIT $2[0m  [["email", "asd@aol.com"], ["LIMIT", 1]]
  ↳ app/models/user.rb:12
  [1m[35m (0.2ms)[0m  [1m[35mBEGIN[0m
  ↳ app/models/user.rb:28
  [1m[36mUser Exists (0.4ms)[0m  [1m[34mSELECT  1 AS one FROM "users" WHERE "users"."email" = $1 AND "users"."id" != $2 LIMIT $3[0m  [["email", "asd@aol.com"], ["id", 1], ["LIMIT", 1]]
  ↳ app/models/user.rb:28
  [1m[36mUser Update (0.5ms)[0m  [1m[33mUPDATE "users" SET "session_token" = $1, "updated_at" = $2 WHERE "users"."id" = $3[0m  [["session_token", "Oth1wKtFptrCn89GOxf_Ng"], ["updated_at", "2019-07-30 19:34:38.643146"], ["id", 1]]
  ↳ app/models/user.rb:28
  [1m[35m (1.5ms)[0m  [1m[35mCOMMIT[0m
  ↳ app/models/user.rb:28
No template found for Api::SessionsController#create, rendering head :no_content
Completed 204 No Content in 277ms (ActiveRecord: 3.2ms)


Started DELETE "/api/session" for ::1 at 2019-07-30 15:34:46 -0400
Processing by Api::SessionsController#destroy as JSON
  [1m[36mUser Load (0.3ms)[0m  [1m[34mSELECT  "users".* FROM "users" WHERE "users"."session_token" = $1 LIMIT $2[0m  [["session_token", "Oth1wKtFptrCn89GOxf_Ng"], ["LIMIT", 1]]
  ↳ app/controllers/application_controller.rb:7
  [1m[35m (0.2ms)[0m  [1m[35mBEGIN[0m
  ↳ app/models/user.rb:28
  [1m[36mUser Exists (0.4ms)[0m  [1m[34mSELECT  1 AS one FROM "users" WHERE "users"."email" = $1 AND "users"."id" != $2 LIMIT $3[0m  [["email", "asd@aol.com"], ["id", 1], ["LIMIT", 1]]
  ↳ app/models/user.rb:28
  [1m[36mUser Update (0.5ms)[0m  [1m[33mUPDATE "users" SET "session_token" = $1, "updated_at" = $2 WHERE "users"."id" = $3[0m  [["session_token", "1T7JGS22qTp1S63k1P1eXA"], ["updated_at", "2019-07-30 19:34:46.492969"], ["id", 1]]
  ↳ app/models/user.rb:28
  [1m[35m (1.4ms)[0m  [1m[35mCOMMIT[0m
  ↳ app/models/user.rb:28
No template found for Api::SessionsController#destroy, rendering head :no_content
Completed 204 No Content in 13ms (ActiveRecord: 2.7ms)


Started DELETE "/api/session" for ::1 at 2019-07-30 15:34:47 -0400
Processing by Api::SessionsController#destroy as JSON
  [1m[36mUser Load (0.3ms)[0m  [1m[34mSELECT  "users".* FROM "users" WHERE "users"."session_token" IS NULL LIMIT $1[0m  [["LIMIT", 1]]
  ↳ app/controllers/application_controller.rb:7
Completed 404 Not Found in 2ms (Views: 0.2ms | ActiveRecord: 0.3ms)


Started POST "/api/users" for ::1 at 2019-07-30 15:35:07 -0400
Processing by Api::UsersController#create as JSON
  Parameters: {"user"=>{"email"=>"aasd@aol.com", "password"=>"[FILTERED]"}}
  [1m[35m (0.2ms)[0m  [1m[35mBEGIN[0m
  ↳ app/controllers/api/users_controller.rb:5
  [1m[36mUser Exists (0.4ms)[0m  [1m[34mSELECT  1 AS one FROM "users" WHERE "users"."email" = $1 LIMIT $2[0m  [["email", "aasd@aol.com"], ["LIMIT", 1]]
  ↳ app/controllers/api/users_controller.rb:5
  [1m[36mUser Create (0.6ms)[0m  [1m[32mINSERT INTO "users" ("email", "password_digest", "session_token", "created_at", "updated_at") VALUES ($1, $2, $3, $4, $5) RETURNING "id"[0m  [["email", "aasd@aol.com"], ["password_digest", "$2a$12$RIlUqz5WGrG1HGB9N1rcwucrEVv7wM/UTcHgPagebHCo3xKjC7W/S"], ["session_token", "fAV5FCUQwAko_xOqbg4Onw"], ["created_at", "2019-07-30 19:35:07.485700"], ["updated_at", "2019-07-30 19:35:07.485700"]]
  ↳ app/controllers/api/users_controller.rb:5
  [1m[35m (1.4ms)[0m  [1m[35mCOMMIT[0m
  ↳ app/controllers/api/users_controller.rb:5
  [1m[35m (0.2ms)[0m  [1m[35mBEGIN[0m
  ↳ app/models/user.rb:28
  [1m[36mUser Exists (0.5ms)[0m  [1m[34mSELECT  1 AS one FROM "users" WHERE "users"."email" = $1 AND "users"."id" != $2 LIMIT $3[0m  [["email", "aasd@aol.com"], ["id", 2], ["LIMIT", 1]]
  ↳ app/models/user.rb:28
  [1m[36mUser Update (0.5ms)[0m  [1m[33mUPDATE "users" SET "session_token" = $1, "updated_at" = $2 WHERE "users"."id" = $3[0m  [["session_token", "eUNdmVjzYiJGzpr5NViMlQ"], ["updated_at", "2019-07-30 19:35:07.491568"], ["id", 2]]
  ↳ app/models/user.rb:28
  [1m[35m (1.5ms)[0m  [1m[35mCOMMIT[0m
  ↳ app/models/user.rb:28
  Rendering api/users/show.json.jbuilder
  Rendered api/users/_user.json.jbuilder (0.4ms)
  Rendered api/users/show.json.jbuilder (2.8ms)
Completed 200 OK in 287ms (Views: 6.7ms | ActiveRecord: 5.4ms)


Started POST "/api/users" for ::1 at 2019-07-30 15:35:22 -0400
Processing by Api::UsersController#create as JSON
  Parameters: {"user"=>{"email"=>"aasd@aol.com", "password"=>"[FILTERED]"}}
  [1m[35m (0.2ms)[0m  [1m[35mBEGIN[0m
  ↳ app/controllers/api/users_controller.rb:5
  [1m[36mUser Exists (0.5ms)[0m  [1m[34mSELECT  1 AS one FROM "users" WHERE "users"."email" = $1 LIMIT $2[0m  [["email", "aasd@aol.com"], ["LIMIT", 1]]
  ↳ app/controllers/api/users_controller.rb:5
  [1m[35m (0.3ms)[0m  [1m[31mROLLBACK[0m
  ↳ app/controllers/api/users_controller.rb:5
Completed 422 Unprocessable Entity in 277ms (Views: 0.6ms | ActiveRecord: 0.9ms)


